<?xml version="1.0" encoding="UTF-8"?>
<!-- Generated by org.testng.reporters.JUnitReportReporter -->
<testsuite hostname="DESKTOP-RCMCRH0" failures="0" tests="1" name="com.qa.testscripts.AmazonSampleTest" time="55.443" errors="0" timestamp="2021-01-10T12:35:44 IST" skipped="0">
  <testcase classname="com.qa.testscripts.AmazonSampleTest" name="SearchItem" time="55.443"/>
  <system-out/>
</testsuite> <!-- com.qa.testscripts.AmazonSampleTest -->
