<?xml version="1.0" encoding="UTF-8"?>
<!-- Generated by org.testng.reporters.JUnitReportReporter -->
<testsuite hostname="DESKTOP-RCMCRH0" failures="0" tests="3" name="com.qa.testscripts.AmazonSearchItem" time="119.615" errors="0" timestamp="2021-01-10T14:49:53 IST" skipped="0">
  <testcase classname="com.qa.testscripts.AmazonSearchItem" name="SearchItem" time="43.678"/>
  <system-out/>
  <testcase classname="com.qa.testscripts.AmazonSearchItem" name="SearchItem" time="38.644"/>
  <system-out/>
  <testcase classname="com.qa.testscripts.AmazonSearchItem" name="SearchItem" time="37.293"/>
  <system-out/>
</testsuite> <!-- com.qa.testscripts.AmazonSearchItem -->
