<?xml version="1.0" encoding="UTF-8"?>
<!-- Generated by org.testng.reporters.JUnitReportReporter -->
<testsuite hostname="DESKTOP-RCMCRH0" failures="0" tests="1" name="com.qa.testscripts.ExampleDragandDrop" time="28.486" errors="0" timestamp="2021-01-24T11:33:01 IST" skipped="0">
  <testcase classname="com.qa.testscripts.ExampleDragandDrop" name="dragdropExample" time="28.486"/>
  <system-out/>
</testsuite> <!-- com.qa.testscripts.ExampleDragandDrop -->
