<?xml version="1.0" encoding="UTF-8"?>
<!-- Generated by org.testng.reporters.JUnitReportReporter -->
<testsuite hostname="DESKTOP-RCMCRH0" failures="0" tests="1" name="com.qa.testscripts.ParameterizationThruExcel" time="58.604" errors="0" timestamp="2021-01-23T11:23:03 IST" skipped="0">
  <testcase classname="com.qa.testscripts.ParameterizationThruExcel" name="googleSearchitem" time="58.604"/>
  <system-out>
Automation Testing automation testing automation testing interview questions automation testing tools automation testing jobs automation testing tools list automation testing jobs in hyderabad automation testing tutorial automation testing means automation testing selenium automation testing definition  Performance Testing performance testing performance testing tools performance testing interview questions performance testing jobs performance testing in software testing performance testing automation framework performance testing jobs in hyderabad performance testing jobs in bangalore performance testing life cycle performance testing company  Software Testing software testing software testing methodologies software testing life cycle software testing tools software testing services software testing interview questions software testing company software testing services company software testing jobs software testing techniques   </system-out>
</testsuite> <!-- com.qa.testscripts.ParameterizationThruExcel -->
