<?xml version="1.0" encoding="UTF-8"?>
<!-- Generated by org.testng.reporters.JUnitReportReporter -->
<testsuite hostname="DESKTOP-RCMCRH0" failures="0" tests="1" name="com.qa.testscripts.NewToursTestScript" time="10.110" errors="0" timestamp="2021-01-23T10:05:48 IST" skipped="0">
  <testcase classname="com.qa.testscripts.NewToursTestScript" name="Login" time="10.110"/>
  <system-out/>
</testsuite> <!-- com.qa.testscripts.NewToursTestScript -->
