<?xml version="1.0" encoding="UTF-8"?>
<!-- Generated by org.testng.reporters.JUnitReportReporter -->
<testsuite hostname="DESKTOP-RCMCRH0" failures="0" tests="2" name="com.qa.testscripts.RediffExample" time="135.210" errors="0" timestamp="2021-01-10T12:35:44 IST" skipped="0">
  <testcase classname="com.qa.testscripts.RediffExample" name="checkCreateAccountPage" time="68.959"/>
  <system-out>
The user is on registration page  </system-out>
  <testcase classname="com.qa.testscripts.RediffExample" name="CheckSignInPage" time="66.251"/>
  <system-out>
The user is on Login page  </system-out>
</testsuite> <!-- com.qa.testscripts.RediffExample -->
