<?xml version="1.0" encoding="UTF-8"?>
<!-- Generated by org.testng.reporters.JUnitReportReporter -->
<testsuite hostname="DESKTOP-RCMCRH0" failures="0" tests="1" name="com.qa.testscripts.ExampleActionClass" time="13.259" errors="0" timestamp="2021-01-24T10:48:32 IST" skipped="0">
  <testcase classname="com.qa.testscripts.ExampleActionClass" name="amazonNewReg" time="13.259"/>
  <system-out/>
</testsuite> <!-- com.qa.testscripts.ExampleActionClass -->
