<?xml version="1.0" encoding="UTF-8"?>
<!-- Generated by org.testng.reporters.JUnitReportReporter -->
<testsuite hostname="DESKTOP-RCMCRH0" failures="0" tests="1" name="com.qa.testscripts.WorkingwithMultipleWindows" time="8.459" errors="0" timestamp="2021-01-24T12:51:51 IST" skipped="0">
  <testcase classname="com.qa.testscripts.WorkingwithMultipleWindows" name="multipleWindows" time="8.459"/>
  <system-out/>
</testsuite> <!-- com.qa.testscripts.WorkingwithMultipleWindows -->
