<?xml version="1.0" encoding="UTF-8"?>
<!-- Generated by org.testng.reporters.JUnitReportReporter -->
<testsuite hostname="DESKTOP-RCMCRH0" failures="0" tests="3" name="com.qa.testscripts.WorkingwithFrames" time="23.266" errors="0" timestamp="2021-01-24T17:16:16 IST" skipped="0">
  <testcase classname="com.qa.testscripts.WorkingwithFrames" name="framesById" time="15.890"/>
  <system-out/>
  <testcase classname="com.qa.testscripts.WorkingwithFrames" name="frameByName" time="6.015"/>
  <system-out/>
  <testcase classname="com.qa.testscripts.WorkingwithFrames" name="frameByElement" time="1.361"/>
  <system-out/>
</testsuite> <!-- com.qa.testscripts.WorkingwithFrames -->
