<?xml version="1.0" encoding="UTF-8"?>
<!-- Generated by org.testng.reporters.JUnitReportReporter -->
<testsuite hostname="DESKTOP-RCMCRH0" failures="0" tests="2" name="com.qa.testscripts.JSscrolls" time="26.715" errors="0" timestamp="2021-01-24T11:54:39 IST" skipped="0">
  <testcase classname="com.qa.testscripts.JSscrolls" name="scrollbars" time="5.806"/>
  <system-out/>
  <testcase classname="com.qa.testscripts.JSscrolls" name="presenceofElement" time="20.909"/>
  <system-out/>
</testsuite> <!-- com.qa.testscripts.JSscrolls -->
