<?xml version="1.0" encoding="UTF-8"?>
<!-- Generated by org.testng.reporters.JUnitReportReporter -->
<testsuite hostname="DESKTOP-RCMCRH0" failures="0" tests="1" name="com.qa.testscripts.WorkingwithFileUploadpopup" time="38.351" errors="0" timestamp="2021-01-24T16:19:48 IST" skipped="0">
  <testcase classname="com.qa.testscripts.WorkingwithFileUploadpopup" name="UploadPopup" time="38.351"/>
  <system-out/>
</testsuite> <!-- com.qa.testscripts.WorkingwithFileUploadpopup -->
