<?xml version="1.0" encoding="UTF-8"?>
<!-- Generated by org.testng.reporters.JUnitReportReporter -->
<testsuite hostname="DESKTOP-RCMCRH0" failures="0" tests="3" name="com.qa.testscripts.ExampleforScreenshots" time="38.053" errors="0" timestamp="2021-01-24T10:14:42 IST" skipped="0">
  <testcase classname="com.qa.testscripts.ExampleforScreenshots" name="elementScreenshot" time="2.341"/>
  <system-out/>
  <testcase classname="com.qa.testscripts.ExampleforScreenshots" name="fullPageScreenshot" time="28.183"/>
  <system-out/>
  <testcase classname="com.qa.testscripts.ExampleforScreenshots" name="driverScreenshot" time="7.529"/>
  <system-out/>
</testsuite> <!-- com.qa.testscripts.ExampleforScreenshots -->
