<?xml version="1.0" encoding="UTF-8"?>
<!-- Generated by org.testng.reporters.JUnitReportReporter -->
<testsuite hostname="DESKTOP-RCMCRH0" failures="0" tests="1" name="com.qa.testscripts.WorkingwithHiddenDivisionPopUp" time="7.710" errors="0" timestamp="2021-01-24T15:59:48 IST" skipped="0">
  <testcase classname="com.qa.testscripts.WorkingwithHiddenDivisionPopUp" name="demoHiddenPopup" time="7.710"/>
  <system-out/>
</testsuite> <!-- com.qa.testscripts.WorkingwithHiddenDivisionPopUp -->
